{"C:\\Users\\nahyeon109\\source\\repos\\DevLens\\frontend\\src\\components\\common\\AppHeader.vue": {"path":"C:\\Users\\nahyeon109\\source\\repos\\DevLens\\frontend\\src\\components\\common\\AppHeader.vue","statementMap":{"0":{"start":{"line":31,"column":31},"end":{"line":31,"column":null}},"1":{"start":{"line":2,"column":10},"end":{"line":2,"column":null}},"2":{"start":{"line":3,"column":9},"end":{"line":3,"column":null}},"3":{"start":{"line":16,"column":11},"end":{"line":16,"column":null}},"4":{"start":{"line":2,"column":2},"end":{"line":23,"column":null}},"5":{"start":{"line":17,"column":61},"end":{"line":17,"column":75}},"6":{"start":{"line":18,"column":63},"end":{"line":18,"column":77}},"7":{"start":{"line":19,"column":58},"end":{"line":19,"column":72}},"8":{"start":{"line":20,"column":60},"end":{"line":20,"column":74}},"9":{"start":{"line":22,"column":43},"end":{"line":22,"column":54}}},"fnMap":{"0":{"name":"(anonymous_0)","decl":{"start":{"line":17,"column":53},"end":{"line":17,"column":61}},"loc":{"start":{"line":17,"column":61},"end":{"line":17,"column":75}},"line":17},"1":{"name":"(anonymous_1)","decl":{"start":{"line":18,"column":58},"end":{"line":18,"column":63}},"loc":{"start":{"line":18,"column":63},"end":{"line":18,"column":77}},"line":18},"2":{"name":"(anonymous_2)","decl":{"start":{"line":19,"column":55},"end":{"line":19,"column":58}},"loc":{"start":{"line":19,"column":58},"end":{"line":19,"column":72}},"line":19},"3":{"name":"(anonymous_3)","decl":{"start":{"line":20,"column":53},"end":{"line":20,"column":60}},"loc":{"start":{"line":20,"column":60},"end":{"line":20,"column":74}},"line":20},"4":{"name":"(anonymous_4)","decl":{"start":{"line":22,"column":41},"end":{"line":22,"column":43}},"loc":{"start":{"line":22,"column":43},"end":{"line":22,"column":54}},"line":22}},"branchMap":{"0":{"loc":{"start":{"line":17,"column":61},"end":{"line":17,"column":75}},"type":"binary-expr","locations":[{"start":{"line":17,"column":61},"end":{"line":17,"column":75}},{"start":{"line":17,"column":61},"end":{"line":17,"column":75}}],"line":17},"1":{"loc":{"start":{"line":18,"column":63},"end":{"line":18,"column":77}},"type":"binary-expr","locations":[{"start":{"line":18,"column":63},"end":{"line":18,"column":77}},{"start":{"line":18,"column":63},"end":{"line":18,"column":77}}],"line":18},"2":{"loc":{"start":{"line":19,"column":58},"end":{"line":19,"column":72}},"type":"binary-expr","locations":[{"start":{"line":19,"column":58},"end":{"line":19,"column":72}},{"start":{"line":19,"column":58},"end":{"line":19,"column":72}}],"line":19},"3":{"loc":{"start":{"line":20,"column":60},"end":{"line":20,"column":74}},"type":"binary-expr","locations":[{"start":{"line":20,"column":60},"end":{"line":20,"column":74}},{"start":{"line":20,"column":60},"end":{"line":20,"column":74}}],"line":20},"4":{"loc":{"start":{"line":22,"column":41},"end":{"line":22,"column":57}},"type":"binary-expr","locations":[{"start":{"line":22,"column":41},"end":{"line":22,"column":43}},{"start":{"line":22,"column":41},"end":{"line":22,"column":57}}],"line":22},"5":{"loc":{"start":{"line":22,"column":43},"end":{"line":22,"column":54}},"type":"binary-expr","locations":[{"start":{"line":22,"column":43},"end":{"line":22,"column":54}},{"start":{"line":22,"column":43},"end":{"line":22,"column":54}}],"line":22},"6":{"loc":{"start":{"line":22,"column":64},"end":{"line":22,"column":null}},"type":"cond-expr","locations":[{"start":{"line":22,"column":70},"end":{"line":22,"column":null}},{"start":{"line":22,"column":70},"end":{"line":22,"column":null}}],"line":22},"7":{"loc":{"start":{"line":23,"column":11},"end":{"line":23,"column":null}},"type":"cond-expr","locations":[{"start":{"line":23,"column":17},"end":{"line":23,"column":null}},{"start":{"line":23,"column":17},"end":{"line":23,"column":null}}],"line":23}},"s":{"0":0,"1":0,"2":0,"3":0,"4":0,"5":0,"6":0,"7":0,"8":0,"9":0},"f":{"0":0,"1":0,"2":0,"3":0,"4":0},"b":{"0":[0,0],"1":[0,0],"2":[0,0],"3":[0,0],"4":[0,0],"5":[0,0],"6":[0,0],"7":[0,0]},"meta":{"lastBranch":8,"lastFunction":5,"lastStatement":10,"seen":{"s:31:31:31:Infinity":0,"s:2:10:2:Infinity":1,"s:3:9:3:Infinity":2,"s:16:11:16:Infinity":3,"s:2:2:23:Infinity":4,"f:17:53:17:61":0,"s:17:61:17:75":5,"b:17:61:17:75:17:61:17:75":0,"f:18:58:18:63":1,"s:18:63:18:77":6,"b:18:63:18:77:18:63:18:77":1,"f:19:55:19:58":2,"s:19:58:19:72":7,"b:19:58:19:72:19:58:19:72":2,"f:20:53:20:60":3,"s:20:60:20:74":8,"b:20:60:20:74:20:60:20:74":3,"b:22:41:22:43:22:41:22:57":4,"f:22:41:22:43":4,"s:22:43:22:54":9,"b:22:43:22:54:22:43:22:54":5,"b:22:70:22:Infinity:22:70:22:Infinity":6,"b:23:17:23:Infinity:23:17:23:Infinity":7}}}
,"C:\\Users\\nahyeon109\\source\\repos\\DevLens\\frontend\\src\\components\\common\\LoadingSpinner.vue": {"path":"C:\\Users\\nahyeon109\\source\\repos\\DevLens\\frontend\\src\\components\\common\\LoadingSpinner.vue","statementMap":{"0":{"start":{"line":2,"column":7},"end":{"line":2,"column":null}},"1":{"start":{"line":2,"column":2},"end":{"line":4,"column":60}}},"fnMap":{},"branchMap":{"0":{"loc":{"start":{"line":3,"column":4},"end":{"line":3,"column":31}},"type":"binary-expr","locations":[{"start":{"line":3,"column":4},"end":{"line":3,"column":9}},{"start":{"line":3,"column":4},"end":{"line":3,"column":31}}],"line":3},"1":{"loc":{"start":{"line":4,"column":16},"end":{"line":4,"column":60}},"type":"cond-expr","locations":[{"start":{"line":4,"column":4},"end":{"line":4,"column":60}}],"line":4}},"s":{"0":0,"1":0},"f":{},"b":{"0":[0,0],"1":[0]},"meta":{"lastBranch":2,"lastFunction":0,"lastStatement":2,"seen":{"s:2:7:2:Infinity":0,"s:2:2:4:60":1,"b:3:4:3:9:3:4:3:31":0,"b:4:4:4:60":1}}}
,"C:\\Users\\nahyeon109\\source\\repos\\DevLens\\frontend\\src\\components\\common\\StatCard.vue": {"path":"C:\\Users\\nahyeon109\\source\\repos\\DevLens\\frontend\\src\\components\\common\\StatCard.vue","statementMap":{"0":{"start":{"line":20,"column":14},"end":{"line":20,"column":null}},"1":{"start":{"line":29,"column":20},"end":{"line":29,"column":null}},"2":{"start":{"line":31,"column":18},"end":{"line":34,"column":null}},"3":{"start":{"line":32,"column":2},"end":{"line":32,"column":null}},"4":{"start":{"line":32,"column":33},"end":{"line":32,"column":null}},"5":{"start":{"line":33,"column":2},"end":{"line":33,"column":null}},"6":{"start":{"line":36,"column":0},"end":{"line":50,"column":null}},"7":{"start":{"line":37,"column":17},"end":{"line":37,"column":null}},"8":{"start":{"line":38,"column":19},"end":{"line":38,"column":null}},"9":{"start":{"line":39,"column":20},"end":{"line":39,"column":null}},"10":{"start":{"line":41,"column":18},"end":{"line":47,"column":null}},"11":{"start":{"line":42,"column":20},"end":{"line":42,"column":null}},"12":{"start":{"line":43,"column":21},"end":{"line":43,"column":null}},"13":{"start":{"line":44,"column":18},"end":{"line":44,"column":null}},"14":{"start":{"line":45,"column":4},"end":{"line":45,"column":null}},"15":{"start":{"line":46,"column":4},"end":{"line":46,"column":null}},"16":{"start":{"line":46,"column":22},"end":{"line":46,"column":null}},"17":{"start":{"line":49,"column":2},"end":{"line":49,"column":null}},"18":{"start":{"line":3,"column":9},"end":{"line":3,"column":null}},"19":{"start":{"line":4,"column":12},"end":{"line":4,"column":39}},"20":{"start":{"line":5,"column":12},"end":{"line":5,"column":40}},"21":{"start":{"line":7,"column":9},"end":{"line":7,"column":null}},"22":{"start":{"line":8,"column":12},"end":{"line":8,"column":40}},"23":{"start":{"line":2,"column":2},"end":{"line":13,"column":10}}},"fnMap":{"0":{"name":"(anonymous_0)","decl":{"start":{"line":31,"column":28},"end":{"line":31,"column":29}},"loc":{"start":{"line":31,"column":34},"end":{"line":34,"column":1}},"line":31},"1":{"name":"(anonymous_1)","decl":{"start":{"line":36,"column":10},"end":{"line":36,"column":11}},"loc":{"start":{"line":36,"column":16},"end":{"line":50,"column":1}},"line":36},"2":{"name":"(anonymous_2)","decl":{"start":{"line":41,"column":18},"end":{"line":41,"column":19}},"loc":{"start":{"line":41,"column":27},"end":{"line":47,"column":null}},"line":41}},"branchMap":{"0":{"loc":{"start":{"line":32,"column":2},"end":{"line":32,"column":null}},"type":"if","locations":[{"start":{"line":32,"column":2},"end":{"line":32,"column":null}},{"start":{},"end":{}}],"line":32},"1":{"loc":{"start":{"line":33,"column":9},"end":{"line":33,"column":null}},"type":"cond-expr","locations":[{"start":{"line":33,"column":28},"end":{"line":33,"column":39}},{"start":{"line":33,"column":42},"end":{"line":33,"column":null}}],"line":33},"2":{"loc":{"start":{"line":46,"column":4},"end":{"line":46,"column":null}},"type":"if","locations":[{"start":{"line":46,"column":4},"end":{"line":46,"column":null}},{"start":{},"end":{}}],"line":46},"3":{"loc":{"start":{"line":9,"column":18},"end":{"line":9,"column":65}},"type":"cond-expr","locations":[{"start":{"line":9,"column":6},"end":{"line":9,"column":65}}],"line":9},"4":{"loc":{"start":{"line":11,"column":15},"end":{"line":13,"column":10}},"type":"cond-expr","locations":[{"start":{"line":11,"column":4},"end":{"line":13,"column":10}}],"line":11},"5":{"loc":{"start":{"line":12,"column":9},"end":{"line":12,"column":33}},"type":"cond-expr","locations":[{"start":{"line":12,"column":14},"end":{"line":12,"column":33}},{"start":{"line":12,"column":14},"end":{"line":12,"column":33}}],"line":12}},"s":{"0":7,"1":7,"2":7,"3":2,"4":0,"5":2,"6":7,"7":7,"8":7,"9":7,"10":7,"11":7,"12":7,"13":7,"14":7,"15":7,"16":0,"17":7,"18":1,"19":1,"20":1,"21":1,"22":1,"23":10},"f":{"0":2,"1":7,"2":7},"b":{"0":[0,2],"1":[1,1],"2":[0,7],"3":[2],"4":[2],"5":[1,1]},"meta":{"lastBranch":0,"lastFunction":0,"lastStatement":0,"seen":{}}}
,"C:\\Users\\nahyeon109\\source\\repos\\DevLens\\frontend\\src\\mock\\ai_insights.json": {"path":"C:\\Users\\nahyeon109\\source\\repos\\DevLens\\frontend\\src\\mock\\ai_insights.json","statementMap":{},"fnMap":{},"branchMap":{},"s":{},"f":{},"b":{},"meta":{"lastBranch":0,"lastFunction":0,"lastStatement":0,"seen":{}}}
,"C:\\Users\\nahyeon109\\source\\repos\\DevLens\\frontend\\src\\mock\\developers.json": {"path":"C:\\Users\\nahyeon109\\source\\repos\\DevLens\\frontend\\src\\mock\\developers.json","statementMap":{},"fnMap":{},"branchMap":{},"s":{},"f":{},"b":{},"meta":{"lastBranch":0,"lastFunction":0,"lastStatement":0,"seen":{}}}
,"C:\\Users\\nahyeon109\\source\\repos\\DevLens\\frontend\\src\\mock\\overview.ts": {"path":"C:\\Users\\nahyeon109\\source\\repos\\DevLens\\frontend\\src\\mock\\overview.ts","statementMap":{"0":{"start":{"line":6,"column":14},"end":{"line":6,"column":null}},"1":{"start":{"line":7,"column":15},"end":{"line":7,"column":null}},"2":{"start":{"line":8,"column":2},"end":{"line":44,"column":null}},"3":{"start":{"line":10,"column":28},"end":{"line":10,"column":48}},"4":{"start":{"line":11,"column":30},"end":{"line":11,"column":52}},"5":{"start":{"line":12,"column":30},"end":{"line":12,"column":52}},"6":{"start":{"line":13,"column":53},"end":{"line":13,"column":73}},"7":{"start":{"line":14,"column":53},"end":{"line":14,"column":75}},"8":{"start":{"line":15,"column":41},"end":{"line":15,"column":58}},"9":{"start":{"line":16,"column":41},"end":{"line":16,"column":58}},"10":{"start":{"line":43,"column":38},"end":{"line":43,"column":null}}},"fnMap":{"0":{"name":"getMockOverview","decl":{"start":{"line":5,"column":16},"end":{"line":5,"column":44}},"loc":{"start":{"line":5,"column":44},"end":{"line":44,"column":null}},"line":5},"1":{"name":"(anonymous_1)","decl":{"start":{"line":10,"column":16},"end":{"line":10,"column":23}},"loc":{"start":{"line":10,"column":28},"end":{"line":10,"column":48}},"line":10},"2":{"name":"(anonymous_2)","decl":{"start":{"line":11,"column":18},"end":{"line":11,"column":25}},"loc":{"start":{"line":11,"column":30},"end":{"line":11,"column":52}},"line":11},"3":{"name":"(anonymous_3)","decl":{"start":{"line":12,"column":18},"end":{"line":12,"column":25}},"loc":{"start":{"line":12,"column":30},"end":{"line":12,"column":52}},"line":12},"4":{"name":"(anonymous_4)","decl":{"start":{"line":13,"column":36},"end":{"line":13,"column":44}},"loc":{"start":{"line":13,"column":53},"end":{"line":13,"column":73}},"line":13},"5":{"name":"(anonymous_5)","decl":{"start":{"line":14,"column":36},"end":{"line":14,"column":44}},"loc":{"start":{"line":14,"column":53},"end":{"line":14,"column":75}},"line":14},"6":{"name":"(anonymous_6)","decl":{"start":{"line":15,"column":24},"end":{"line":15,"column":32}},"loc":{"start":{"line":15,"column":41},"end":{"line":15,"column":58}},"line":15},"7":{"name":"(anonymous_7)","decl":{"start":{"line":16,"column":24},"end":{"line":16,"column":32}},"loc":{"start":{"line":16,"column":41},"end":{"line":16,"column":58}},"line":16},"8":{"name":"(anonymous_8)","decl":{"start":{"line":43,"column":28},"end":{"line":43,"column":32}},"loc":{"start":{"line":43,"column":38},"end":{"line":43,"column":null}},"line":43}},"branchMap":{},"s":{"0":2,"1":2,"2":2,"3":50,"4":50,"5":50,"6":50,"7":14,"8":50,"9":50,"10":14},"f":{"0":2,"1":50,"2":50,"3":50,"4":50,"5":14,"6":50,"7":50,"8":14},"b":{},"meta":{"lastBranch":0,"lastFunction":9,"lastStatement":11,"seen":{"f:5:16:5:44":0,"s:6:14:6:Infinity":0,"s:7:15:7:Infinity":1,"s:8:2:44:Infinity":2,"f:10:16:10:23":1,"s:10:28:10:48":3,"f:11:18:11:25":2,"s:11:30:11:52":4,"f:12:18:12:25":3,"s:12:30:12:52":5,"f:13:36:13:44":4,"s:13:53:13:73":6,"f:14:36:14:44":5,"s:14:53:14:75":7,"f:15:24:15:32":6,"s:15:41:15:58":8,"f:16:24:16:32":7,"s:16:41:16:58":9,"f:43:28:43:32":8,"s:43:38:43:Infinity":10}}}
,"C:\\Users\\nahyeon109\\source\\repos\\DevLens\\frontend\\src\\mock\\pull_requests.json": {"path":"C:\\Users\\nahyeon109\\source\\repos\\DevLens\\frontend\\src\\mock\\pull_requests.json","statementMap":{},"fnMap":{},"branchMap":{},"s":{},"f":{},"b":{},"meta":{"lastBranch":0,"lastFunction":0,"lastStatement":0,"seen":{}}}
,"C:\\Users\\nahyeon109\\source\\repos\\DevLens\\frontend\\src\\stores\\dashboard.ts": {"path":"C:\\Users\\nahyeon109\\source\\repos\\DevLens\\frontend\\src\\stores\\dashboard.ts","statementMap":{"0":{"start":{"line":26,"column":18},"end":{"line":28,"column":17}},"1":{"start":{"line":29,"column":2},"end":{"line":29,"column":null}},"2":{"start":{"line":32,"column":13},"end":{"line":104,"column":2}},"3":{"start":{"line":33,"column":32},"end":{"line":45,"column":null}},"4":{"start":{"line":48,"column":6},"end":{"line":48,"column":null}},"5":{"start":{"line":49,"column":6},"end":{"line":49,"column":null}},"6":{"start":{"line":50,"column":6},"end":{"line":58,"column":null}},"7":{"start":{"line":51,"column":25},"end":{"line":51,"column":70}},"8":{"start":{"line":52,"column":8},"end":{"line":52,"column":null}},"9":{"start":{"line":54,"column":8},"end":{"line":54,"column":null}},"10":{"start":{"line":55,"column":8},"end":{"line":55,"column":null}},"11":{"start":{"line":56,"column":8},"end":{"line":56,"column":null}},"12":{"start":{"line":58,"column":8},"end":{"line":58,"column":null}},"13":{"start":{"line":62,"column":6},"end":{"line":62,"column":null}},"14":{"start":{"line":63,"column":6},"end":{"line":63,"column":null}},"15":{"start":{"line":64,"column":6},"end":{"line":72,"column":null}},"16":{"start":{"line":65,"column":25},"end":{"line":65,"column":80}},"17":{"start":{"line":66,"column":8},"end":{"line":66,"column":null}},"18":{"start":{"line":68,"column":8},"end":{"line":68,"column":null}},"19":{"start":{"line":69,"column":8},"end":{"line":69,"column":null}},"20":{"start":{"line":70,"column":8},"end":{"line":70,"column":null}},"21":{"start":{"line":72,"column":8},"end":{"line":72,"column":null}},"22":{"start":{"line":76,"column":6},"end":{"line":76,"column":null}},"23":{"start":{"line":77,"column":6},"end":{"line":77,"column":null}},"24":{"start":{"line":78,"column":6},"end":{"line":86,"column":null}},"25":{"start":{"line":79,"column":25},"end":{"line":79,"column":75}},"26":{"start":{"line":80,"column":8},"end":{"line":80,"column":null}},"27":{"start":{"line":82,"column":8},"end":{"line":82,"column":null}},"28":{"start":{"line":83,"column":8},"end":{"line":83,"column":null}},"29":{"start":{"line":84,"column":8},"end":{"line":84,"column":null}},"30":{"start":{"line":86,"column":8},"end":{"line":86,"column":null}},"31":{"start":{"line":90,"column":6},"end":{"line":90,"column":null}},"32":{"start":{"line":91,"column":6},"end":{"line":91,"column":null}},"33":{"start":{"line":92,"column":6},"end":{"line":100,"column":null}},"34":{"start":{"line":93,"column":25},"end":{"line":93,"column":73}},"35":{"start":{"line":94,"column":8},"end":{"line":94,"column":null}},"36":{"start":{"line":96,"column":8},"end":{"line":96,"column":null}},"37":{"start":{"line":97,"column":8},"end":{"line":97,"column":null}},"38":{"start":{"line":98,"column":8},"end":{"line":98,"column":null}},"39":{"start":{"line":100,"column":8},"end":{"line":100,"column":null}}},"fnMap":{"0":{"name":"logApiError","decl":{"start":{"line":25,"column":9},"end":{"line":25,"column":21}},"loc":{"start":{"line":25,"column":57},"end":{"line":29,"column":null}},"line":25},"1":{"name":"(anonymous_1)","decl":{"start":{"line":33,"column":2},"end":{"line":33,"column":32}},"loc":{"start":{"line":33,"column":32},"end":{"line":45,"column":null}},"line":33},"2":{"name":"(anonymous_2)","decl":{"start":{"line":47,"column":10},"end":{"line":47,"column":41}},"loc":{"start":{"line":47,"column":41},"end":{"line":58,"column":null}},"line":47},"3":{"name":"(anonymous_3)","decl":{"start":{"line":61,"column":10},"end":{"line":61,"column":45}},"loc":{"start":{"line":61,"column":45},"end":{"line":72,"column":null}},"line":61},"4":{"name":"(anonymous_4)","decl":{"start":{"line":75,"column":10},"end":{"line":75,"column":43}},"loc":{"start":{"line":75,"column":43},"end":{"line":86,"column":null}},"line":75},"5":{"name":"(anonymous_5)","decl":{"start":{"line":89,"column":10},"end":{"line":89,"column":41}},"loc":{"start":{"line":89,"column":41},"end":{"line":100,"column":null}},"line":89}},"branchMap":{"0":{"loc":{"start":{"line":26,"column":18},"end":{"line":28,"column":17}},"type":"cond-expr","locations":[{"start":{"line":27,"column":6},"end":{"line":27,"column":null}},{"start":{"line":28,"column":6},"end":{"line":28,"column":17}}],"line":26},"1":{"loc":{"start":{"line":27,"column":10},"end":{"line":27,"column":44}},"type":"binary-expr","locations":[{"start":{"line":27,"column":10},"end":{"line":27,"column":34}},{"start":{"line":27,"column":34},"end":{"line":27,"column":44}}],"line":27}},"s":{"0":6,"1":6,"2":1,"3":11,"4":4,"5":4,"6":4,"7":4,"8":2,"9":2,"10":2,"11":2,"12":4,"13":2,"14":2,"15":2,"16":2,"17":1,"18":1,"19":1,"20":1,"21":2,"22":2,"23":2,"24":2,"25":2,"26":1,"27":1,"28":1,"29":1,"30":2,"31":3,"32":3,"33":3,"34":3,"35":1,"36":2,"37":2,"38":2,"39":3},"f":{"0":6,"1":11,"2":4,"3":2,"4":2,"5":3},"b":{"0":[1,5],"1":[1,1]},"meta":{"lastBranch":2,"lastFunction":6,"lastStatement":40,"seen":{"f:25:9:25:21":0,"s:26:18:28:17":0,"b:27:6:27:Infinity:28:6:28:17":0,"b:27:10:27:34:27:34:27:44":1,"s:29:2:29:Infinity":1,"s:32:13:104:2":2,"f:33:2:33:32":1,"s:33:32:45:Infinity":3,"f:47:10:47:41":2,"s:48:6:48:Infinity":4,"s:49:6:49:Infinity":5,"s:50:6:58:Infinity":6,"s:51:25:51:70":7,"s:52:8:52:Infinity":8,"s:54:8:54:Infinity":9,"s:55:8:55:Infinity":10,"s:56:8:56:Infinity":11,"s:58:8:58:Infinity":12,"f:61:10:61:45":3,"s:62:6:62:Infinity":13,"s:63:6:63:Infinity":14,"s:64:6:72:Infinity":15,"s:65:25:65:80":16,"s:66:8:66:Infinity":17,"s:68:8:68:Infinity":18,"s:69:8:69:Infinity":19,"s:70:8:70:Infinity":20,"s:72:8:72:Infinity":21,"f:75:10:75:43":4,"s:76:6:76:Infinity":22,"s:77:6:77:Infinity":23,"s:78:6:86:Infinity":24,"s:79:25:79:75":25,"s:80:8:80:Infinity":26,"s:82:8:82:Infinity":27,"s:83:8:83:Infinity":28,"s:84:8:84:Infinity":29,"s:86:8:86:Infinity":30,"f:89:10:89:41":5,"s:90:6:90:Infinity":31,"s:91:6:91:Infinity":32,"s:92:6:100:Infinity":33,"s:93:25:93:73":34,"s:94:8:94:Infinity":35,"s:96:8:96:Infinity":36,"s:97:8:97:Infinity":37,"s:98:8:98:Infinity":38,"s:100:8:100:Infinity":39}}}
,"C:\\Users\\nahyeon109\\source\\repos\\DevLens\\frontend\\src\\utils\\quality.ts": {"path":"C:\\Users\\nahyeon109\\source\\repos\\DevLens\\frontend\\src\\utils\\quality.ts","statementMap":{"0":{"start":{"line":2,"column":2},"end":{"line":2,"column":null}},"1":{"start":{"line":2,"column":19},"end":{"line":2,"column":null}},"2":{"start":{"line":3,"column":2},"end":{"line":3,"column":null}},"3":{"start":{"line":3,"column":19},"end":{"line":3,"column":null}},"4":{"start":{"line":4,"column":2},"end":{"line":4,"column":null}}},"fnMap":{"0":{"name":"qualityClass","decl":{"start":{"line":1,"column":16},"end":{"line":1,"column":29}},"loc":{"start":{"line":1,"column":52},"end":{"line":4,"column":null}},"line":1}},"branchMap":{"0":{"loc":{"start":{"line":2,"column":2},"end":{"line":2,"column":null}},"type":"if","locations":[{"start":{"line":2,"column":2},"end":{"line":2,"column":null}},{"start":{},"end":{}}],"line":2},"1":{"loc":{"start":{"line":3,"column":2},"end":{"line":3,"column":null}},"type":"if","locations":[{"start":{"line":3,"column":2},"end":{"line":3,"column":null}},{"start":{},"end":{}}],"line":3}},"s":{"0":9,"1":3,"2":6,"3":6,"4":3},"f":{"0":9},"b":{"0":[3,6],"1":[3,3]},"meta":{"lastBranch":2,"lastFunction":1,"lastStatement":5,"seen":{"f:1:16:1:29":0,"b:2:2:2:Infinity:undefined:undefined:undefined:undefined":0,"s:2:2:2:Infinity":0,"s:2:19:2:Infinity":1,"b:3:2:3:Infinity:undefined:undefined:undefined:undefined":1,"s:3:2:3:Infinity":2,"s:3:19:3:Infinity":3,"s:4:2:4:Infinity":4}}}
}
